C:\Users\micro\Documents\Tencent Files\542382610\FileRecv\MobileFile\Tetris\Debug\Tetris.exe
C:\Users\micro\Documents\Tencent Files\542382610\FileRecv\MobileFile\Tetris\Debug\Tetris.ilk
C:\Users\micro\Documents\Tencent Files\542382610\FileRecv\MobileFile\Tetris\Debug\Tetris.pdb
C:\Users\micro\Documents\Tencent Files\542382610\FileRecv\MobileFile\Tetris\Tetris\Debug\Background.obj
C:\Users\micro\Documents\Tencent Files\542382610\FileRecv\MobileFile\Tetris\Tetris\Debug\cl.command.1.tlog
C:\Users\micro\Documents\Tencent Files\542382610\FileRecv\MobileFile\Tetris\Tetris\Debug\CL.read.1.tlog
C:\Users\micro\Documents\Tencent Files\542382610\FileRecv\MobileFile\Tetris\Tetris\Debug\CL.write.1.tlog
C:\Users\micro\Documents\Tencent Files\542382610\FileRecv\MobileFile\Tetris\Tetris\Debug\link.4668.read.1.tlog
C:\Users\micro\Documents\Tencent Files\542382610\FileRecv\MobileFile\Tetris\Tetris\Debug\link.4668.write.1.tlog
C:\Users\micro\Documents\Tencent Files\542382610\FileRecv\MobileFile\Tetris\Tetris\Debug\link.4668-cvtres.read.1.tlog
C:\Users\micro\Documents\Tencent Files\542382610\FileRecv\MobileFile\Tetris\Tetris\Debug\link.4668-cvtres.write.1.tlog
C:\Users\micro\Documents\Tencent Files\542382610\FileRecv\MobileFile\Tetris\Tetris\Debug\link.9148.read.1.tlog
C:\Users\micro\Documents\Tencent Files\542382610\FileRecv\MobileFile\Tetris\Tetris\Debug\link.9148.write.1.tlog
C:\Users\micro\Documents\Tencent Files\542382610\FileRecv\MobileFile\Tetris\Tetris\Debug\link.9148-cvtres.read.1.tlog
C:\Users\micro\Documents\Tencent Files\542382610\FileRecv\MobileFile\Tetris\Tetris\Debug\link.9148-cvtres.write.1.tlog
C:\Users\micro\Documents\Tencent Files\542382610\FileRecv\MobileFile\Tetris\Tetris\Debug\link.command.1.tlog
C:\Users\micro\Documents\Tencent Files\542382610\FileRecv\MobileFile\Tetris\Tetris\Debug\link.read.1.tlog
C:\Users\micro\Documents\Tencent Files\542382610\FileRecv\MobileFile\Tetris\Tetris\Debug\link.write.1.tlog
C:\Users\micro\Documents\Tencent Files\542382610\FileRecv\MobileFile\Tetris\Tetris\Debug\link-cvtres.read.1.tlog
C:\Users\micro\Documents\Tencent Files\542382610\FileRecv\MobileFile\Tetris\Tetris\Debug\link-cvtres.write.1.tlog
C:\Users\micro\Documents\Tencent Files\542382610\FileRecv\MobileFile\Tetris\Tetris\Debug\mt.command.1.tlog
C:\Users\micro\Documents\Tencent Files\542382610\FileRecv\MobileFile\Tetris\Tetris\Debug\mt.read.1.tlog
C:\Users\micro\Documents\Tencent Files\542382610\FileRecv\MobileFile\Tetris\Tetris\Debug\mt.write.1.tlog
C:\Users\micro\Documents\Tencent Files\542382610\FileRecv\MobileFile\Tetris\Tetris\Debug\rc.command.1.tlog
C:\Users\micro\Documents\Tencent Files\542382610\FileRecv\MobileFile\Tetris\Tetris\Debug\rc.read.1.tlog
C:\Users\micro\Documents\Tencent Files\542382610\FileRecv\MobileFile\Tetris\Tetris\Debug\rc.write.1.tlog
C:\Users\micro\Documents\Tencent Files\542382610\FileRecv\MobileFile\Tetris\Tetris\Debug\stdafx.obj
C:\Users\micro\Documents\Tencent Files\542382610\FileRecv\MobileFile\Tetris\Tetris\Debug\Tetris.exe.embed.manifest
C:\Users\micro\Documents\Tencent Files\542382610\FileRecv\MobileFile\Tetris\Tetris\Debug\Tetris.exe.embed.manifest.res
C:\Users\micro\Documents\Tencent Files\542382610\FileRecv\MobileFile\Tetris\Tetris\Debug\Tetris.exe.intermediate.manifest
C:\Users\micro\Documents\Tencent Files\542382610\FileRecv\MobileFile\Tetris\Tetris\Debug\Tetris.obj
C:\Users\micro\Documents\Tencent Files\542382610\FileRecv\MobileFile\Tetris\Tetris\Debug\Tetris.pch
C:\Users\micro\Documents\Tencent Files\542382610\FileRecv\MobileFile\Tetris\Tetris\Debug\Tetris.write.1.tlog
C:\Users\micro\Documents\Tencent Files\542382610\FileRecv\MobileFile\Tetris\Tetris\Debug\Tetris_manifest.rc
C:\Users\micro\Documents\Tencent Files\542382610\FileRecv\MobileFile\Tetris\Tetris\Debug\vc100.idb
C:\Users\micro\Documents\Tencent Files\542382610\FileRecv\MobileFile\Tetris\Tetris\Debug\vc100.pdb
E:\VS2010_TEST\TETRIS\DEBUG\TETRIS.EXE
E:\VS2010_TEST\TETRIS\DEBUG\TETRIS.ILK
E:\VS2010_TEST\TETRIS\DEBUG\TETRIS.PDB
E:\VS2010_TEST\TETRIS\TETRIS\DEBUG\BACKGROUND.OBJ
E:\VS2010_TEST\TETRIS\TETRIS\DEBUG\STDAFX.OBJ
E:\VS2010_TEST\TETRIS\TETRIS\DEBUG\TETRIS.EXE.EMBED.MANIFEST
E:\VS2010_TEST\TETRIS\TETRIS\DEBUG\TETRIS.EXE.EMBED.MANIFEST.RES
E:\VS2010_TEST\TETRIS\TETRIS\DEBUG\TETRIS.EXE.INTERMEDIATE.MANIFEST
E:\VS2010_TEST\TETRIS\TETRIS\DEBUG\TETRIS.OBJ
E:\VS2010_TEST\TETRIS\TETRIS\DEBUG\TETRIS.PCH
E:\VS2010_TEST\TETRIS\TETRIS\DEBUG\VC100.PDB
