生成启动时间为 2016/9/30 15:43:31。
     1>项目“F:\2016_03_13谭智勇\github\Tetris\Tetris源文件\Tetris\Tetris.vcxproj”在节点 2 上(build 个目标)。
     1>InitializeBuildStatus:
         正在创建“Debug\Tetris.unsuccessfulbuild”，因为已指定“AlwaysCreate”。
       ClCompile:
         所有输出均为最新。
         D:\Microsoft Visual Studio 10.0\VC\bin\CL.exe /c /ZI /nologo /W3 /WX- /Od /Oy- /D WIN32 /D _DEBUG /D _CONSOLE /D _UNICODE /D UNICODE /Gm /EHsc /RTC1 /MDd /GS /fp:precise /Zc:wchar_t /Zc:forScope /Yu"StdAfx.h" /Fp"Debug\Tetris.pch" /Fo"Debug\\" /Fd"Debug\vc100.pdb" /Gd /TP /analyze- /errorReport:prompt Background.cpp
         Background.cpp
       ManifestResourceCompile:
         所有输出均为最新。
       Link:
         D:\Microsoft Visual Studio 10.0\VC\bin\link.exe /ERRORREPORT:PROMPT /OUT:"F:\2016_03_13谭智勇\github\Tetris\Tetris源文件\Debug\Tetris.exe" /INCREMENTAL /NOLOGO kernel32.lib user32.lib gdi32.lib winspool.lib comdlg32.lib advapi32.lib shell32.lib ole32.lib oleaut32.lib uuid.lib odbc32.lib odbccp32.lib /MANIFEST /ManifestFile:"Debug\Tetris.exe.intermediate.manifest" /MANIFESTUAC:"level='asInvoker' uiAccess='false'" /DEBUG /PDB:"F:\2016_03_13谭智勇\github\Tetris\Tetris源文件\Debug\Tetris.pdb" /SUBSYSTEM:CONSOLE /TLBID:1 /DYNAMICBASE /NXCOMPAT /IMPLIB:"F:\2016_03_13谭智勇\github\Tetris\Tetris源文件\Debug\Tetris.lib" /MACHINE:X86 Debug\Tetris.exe.embed.manifest.res
         Debug\Background.obj
         Debug\stdafx.obj
         Debug\Tetris.obj
       Manifest:
         C:\Program Files (x86)\Microsoft SDKs\Windows\v7.0A\bin\mt.exe /nologo /verbose /out:"Debug\Tetris.exe.embed.manifest" /manifest Debug\Tetris.exe.intermediate.manifest
         所有输出均为最新。
       LinkEmbedManifest:
         所有输出均为最新。
         Tetris.vcxproj -> F:\2016_03_13谭智勇\github\Tetris\Tetris源文件\Debug\Tetris.exe
       FinalizeBuildStatus:
         正在删除文件“Debug\Tetris.unsuccessfulbuild”。
         正在对“Debug\Tetris.lastbuildstate”执行 Touch 任务。
     1>已完成生成项目“F:\2016_03_13谭智勇\github\Tetris\Tetris源文件\Tetris\Tetris.vcxproj”(build 个目标)的操作。

生成成功。

已用时间 00:00:06.53
